<?xml version="1.0" encoding="UTF-8"?>
<testng-results ignored="0" total="1" passed="1" failed="0" skipped="0">
  <reporter-output>
  </reporter-output>
  <suite started-at="2021-04-21T23:56:23 IST" name="Default suite" finished-at="2021-04-21T23:56:46 IST" duration-ms="23345">
    <groups>
    </groups>
    <test started-at="2021-04-21T23:56:23 IST" name="Default test" finished-at="2021-04-21T23:56:46 IST" duration-ms="23345">
      <class name="Waits.Testing">
        <test-method is-config="true" signature="BaseContext()[pri:0, instance:Waits.Testing@309e345f]" started-at="2021-04-21T23:56:23 IST" name="BaseContext" finished-at="2021-04-21T23:56:38 IST" duration-ms="14839" status="PASS">
          <reporter-output>
          </reporter-output>
        </test-method> <!-- BaseContext -->
        <test-method signature="TestHello()[pri:0, instance:Waits.Testing@309e345f]" started-at="2021-04-21T23:56:38 IST" name="TestHello" finished-at="2021-04-21T23:56:46 IST" duration-ms="8015" status="PASS">
          <reporter-output>
          </reporter-output>
        </test-method> <!-- TestHello -->
        <test-method is-config="true" signature="recordFailure(org.testng.ITestResult)[pri:0, instance:Waits.Testing@309e345f]" started-at="2021-04-21T23:56:46 IST" name="recordFailure" finished-at="2021-04-21T23:56:46 IST" duration-ms="410" status="PASS">
          <params>
            <param index="0">
              <value>
                <![CDATA[[TestResult name=TestHello status=SUCCESS method=Testing.TestHello()[pri:0, instance:Waits.Testing@309e345f] output={null}]]]>
              </value>
            </param>
          </params>
          <reporter-output>
          </reporter-output>
        </test-method> <!-- recordFailure -->
        <test-method is-config="true" signature="Tearss()[pri:0, instance:Waits.Testing@309e345f]" started-at="2021-04-21T23:56:46 IST" name="Tearss" finished-at="2021-04-21T23:56:46 IST" duration-ms="0" status="PASS">
          <reporter-output>
          </reporter-output>
        </test-method> <!-- Tearss -->
      </class> <!-- Waits.Testing -->
    </test> <!-- Default test -->
  </suite> <!-- Default suite -->
</testng-results>
